c:\users\максим\desktop\x64\debug\filebackup.exe
c:\users\максим\desktop\x64\debug\filebackup.pdb
c:\users\максим\desktop\filebackup\x64\debug\app.res
c:\users\максим\desktop\filebackup\x64\debug\filebackup.pch
c:\users\максим\desktop\filebackup\x64\debug\vc143.pdb
c:\users\максим\desktop\filebackup\x64\debug\pch.obj
c:\users\максим\desktop\filebackup\x64\debug\form1.obj
c:\users\максим\desktop\filebackup\x64\debug\file_manager.obj
c:\users\максим\desktop\filebackup\x64\debug\file.obj
c:\users\максим\desktop\filebackup\x64\debug\cppclr_winformsproject.obj
c:\users\максим\desktop\filebackup\x64\debug\assemblyinfo.obj
c:\users\максим\desktop\filebackup\x64\debug\.netframework,version=v4.7.2.assemblyattributes.obj
\\mac\home\desktop\новая папка\filebackup\x64\debug\filebackup.vcxproj.generateresource.cache
\\mac\home\desktop\новая папка\filebackup\x64\debug\filebackup.vcxproj.assemblyreference.cache
\\mac\home\desktop\новая папка\filebackup\x64\debug\filebackup.vcxproj.suggestedbindingredirects.cache
\\mac\home\desktop\новая папка\filebackup\x64\debug\file_manager.obj
\\mac\home\desktop\новая папка\filebackup\x64\debug\file.obj
\\mac\home\desktop\новая папка\filebackup\x64\debug\cppclr_winformsproject.obj
\\mac\home\desktop\новая папка\filebackup\x64\debug\assemblyinfo.obj
\\mac\home\desktop\новая папка\filebackup\x64\debug\form1.obj
\\mac\home\desktop\новая папка\filebackup\x64\debug\.netframework,version=v4.7.2.assemblyattributes.obj
\\mac\home\desktop\новая папка\filebackup\x64\debug\filebackup.form1.resources
\\mac\home\desktop\новая папка\filebackup\x64\debug\app.res
\\mac\home\desktop\новая папка\filebackup\x64\debug\filebackup.pch
\\mac\home\desktop\новая папка\filebackup\x64\debug\vc143.pdb
\\mac\home\desktop\новая папка\x64\debug\filebackup.pdb
\\mac\home\desktop\новая папка\x64\debug\filebackup.exe
\\mac\home\desktop\новая папка\filebackup\x64\debug\filebackup.tlog\link.read.1.tlog
\\mac\home\desktop\новая папка\filebackup\x64\debug\filebackup.tlog\metagen.write.1.tlog
\\mac\home\desktop\новая папка\filebackup\x64\debug\filebackup.tlog\resgen.write.1.tlog
\\mac\home\desktop\новая папка\filebackup\x64\debug\filebackup.tlog\link.command.1.tlog
\\mac\home\desktop\новая папка\filebackup\x64\debug\filebackup.tlog\rc.command.1.tlog
\\mac\home\desktop\новая папка\filebackup\x64\debug\filebackup.tlog\link.write.1.tlog
\\mac\home\desktop\новая папка\filebackup\x64\debug\filebackup.tlog\cl.read.1.tlog
\\mac\home\desktop\новая папка\filebackup\x64\debug\filebackup.tlog\rc.write.1.tlog
\\mac\home\desktop\новая папка\filebackup\x64\debug\filebackup.tlog\resgen.read.1.tlog
\\mac\home\desktop\новая папка\filebackup\x64\debug\filebackup.tlog\resgen.command.1.tlog
\\mac\home\desktop\новая папка\filebackup\x64\debug\filebackup.tlog\cl.command.1.tlog
\\mac\home\desktop\новая папка\filebackup\x64\debug\filebackup.tlog\rc.read.1.tlog
\\mac\home\desktop\новая папка\filebackup\x64\debug\filebackup.tlog\cl.write.1.tlog
\\mac\home\desktop\новая папка\filebackup\x64\debug\filebackup.tlog\metagen.read.1.tlog
